<?xml version="1.0" encoding="UTF-8"?>
<!-- Generated by org.testng.reporters.JUnitReportReporter -->
<testsuite hostname="ST" name="trelloWorkflow.CRUDworkflow" tests="5" failures="0" timestamp="15 Jul 2021 21:02:29 GMT" time="7.111" errors="0">
  <testcase name="createListReq4" time="0.332" classname="trelloWorkflow.CRUDworkflow"/>
  <testcase name="createListReq1" time="0.352" classname="trelloWorkflow.CRUDworkflow"/>
  <testcase name="createBoard" time="5.615" classname="trelloWorkflow.CRUDworkflow"/>
  <testcase name="createListReq2" time="0.348" classname="trelloWorkflow.CRUDworkflow"/>
  <testcase name="createListReq3" time="0.464" classname="trelloWorkflow.CRUDworkflow"/>
</testsuite> <!-- trelloWorkflow.CRUDworkflow -->
