<?xml version="1.0" encoding="UTF-8"?>
<!-- Generated by org.testng.reporters.JUnitReportReporter -->
<testsuite hostname="ST" name="postReq.CreateCard" tests="1" failures="0" timestamp="15 Jul 2021 14:32:54 GMT" time="3.094" errors="0">
  <testcase name="createCardDone2List" time="3.094" classname="postReq.CreateCard"/>
</testsuite> <!-- postReq.CreateCard -->
