<?xml version="1.0" encoding="UTF-8"?>
<!-- Generated by org.testng.reporters.JUnitReportReporter -->
<testsuite hostname="ST" name="putReq.MoveListToDiffBoard" tests="1" failures="0" timestamp="15 Jul 2021 14:40:09 GMT" time="3.000" errors="0">
  <testcase name="movecardToanotherlist" time="3.000" classname="putReq.MoveListToDiffBoard"/>
</testsuite> <!-- putReq.MoveListToDiffBoard -->
