<?xml version="1.0" encoding="UTF-8"?>
<!-- Generated by org.testng.reporters.JUnitReportReporter -->
<testsuite hostname="ST" name="getReq.GetCardsOnBoard" tests="1" failures="0" timestamp="15 Jul 2021 16:00:17 GMT" time="3.502" errors="0">
  <testcase name="getCardsinList" time="3.502" classname="getReq.GetCardsOnBoard"/>
</testsuite> <!-- getReq.GetCardsOnBoard -->
